  applicationclass.cpp
C:\Users\WINDOWS\Desktop\4학년 2학기\컴그실2\Zelda\Test\BOTW\dx11ter01_src\dx11ter01_src\source\applicationclass.cpp(49,27): warning C4316: 'D3DClass': 힙에 할당된 개체가 16에 맞추어져 있지 않을 수도 있습니다
C:\Users\WINDOWS\Desktop\4학년 2학기\컴그실2\Zelda\Test\BOTW\dx11ter01_src\dx11ter01_src\source\applicationclass.cpp(59,70): error C2664: 'int MessageBoxA(HWND,LPCSTR,LPCSTR,UINT)': 인수 2을(를) 'const wchar_t [31]'에서 'LPCSTR'(으)로 변환할 수 없습니다.
C:\Users\WINDOWS\Desktop\4학년 2학기\컴그실2\Zelda\Test\BOTW\dx11ter01_src\dx11ter01_src\source\applicationclass.cpp(59,20): message : 가리킨 형식이 관련이 없습니다. 변환하려면 reinterpret_cast, C 스타일 캐스트 또는 괄호가 있는 함수 스타일 캐스트가 필요합니다.
C:\Program Files (x86)\Windows Kits\10\Include\10.0.19041.0\um\winuser.h(9153,1): message : 'MessageBoxA' 선언을 참조하십시오.
C:\Users\WINDOWS\Desktop\4학년 2학기\컴그실2\Zelda\Test\BOTW\dx11ter01_src\dx11ter01_src\source\applicationclass.cpp(74,87): error C2664: 'int MessageBoxA(HWND,LPCSTR,LPCSTR,UINT)': 인수 2을(를) 'const wchar_t [48]'에서 'LPCSTR'(으)로 변환할 수 없습니다.
C:\Users\WINDOWS\Desktop\4학년 2학기\컴그실2\Zelda\Test\BOTW\dx11ter01_src\dx11ter01_src\source\applicationclass.cpp(74,20): message : 가리킨 형식이 관련이 없습니다. 변환하려면 reinterpret_cast, C 스타일 캐스트 또는 괄호가 있는 함수 스타일 캐스트가 필요합니다.
C:\Program Files (x86)\Windows Kits\10\Include\10.0.19041.0\um\winuser.h(9153,1): message : 'MessageBoxA' 선언을 참조하십시오.
C:\Users\WINDOWS\Desktop\4학년 2학기\컴그실2\Zelda\Test\BOTW\dx11ter01_src\dx11ter01_src\source\applicationclass.cpp(89,78): error C2664: 'int MessageBoxA(HWND,LPCSTR,LPCSTR,UINT)': 인수 2을(를) 'const wchar_t [39]'에서 'LPCSTR'(으)로 변환할 수 없습니다.
C:\Users\WINDOWS\Desktop\4학년 2학기\컴그실2\Zelda\Test\BOTW\dx11ter01_src\dx11ter01_src\source\applicationclass.cpp(89,20): message : 가리킨 형식이 관련이 없습니다. 변환하려면 reinterpret_cast, C 스타일 캐스트 또는 괄호가 있는 함수 스타일 캐스트가 필요합니다.
C:\Program Files (x86)\Windows Kits\10\Include\10.0.19041.0\um\winuser.h(9153,1): message : 'MessageBoxA' 선언을 참조하십시오.
C:\Users\WINDOWS\Desktop\4학년 2학기\컴그실2\Zelda\Test\BOTW\dx11ter01_src\dx11ter01_src\source\applicationclass.cpp(114,77): error C2664: 'int MessageBoxA(HWND,LPCSTR,LPCSTR,UINT)': 인수 2을(를) 'const wchar_t [38]'에서 'LPCSTR'(으)로 변환할 수 없습니다.
C:\Users\WINDOWS\Desktop\4학년 2학기\컴그실2\Zelda\Test\BOTW\dx11ter01_src\dx11ter01_src\source\applicationclass.cpp(114,20): message : 가리킨 형식이 관련이 없습니다. 변환하려면 reinterpret_cast, C 스타일 캐스트 또는 괄호가 있는 함수 스타일 캐스트가 필요합니다.
C:\Program Files (x86)\Windows Kits\10\Include\10.0.19041.0\um\winuser.h(9153,1): message : 'MessageBoxA' 선언을 참조하십시오.
  cameraclass.cpp
  colorshaderclass.cpp
C:\Users\WINDOWS\Desktop\4학년 2학기\컴그실2\Zelda\Test\BOTW\dx11ter01_src\dx11ter01_src\source\colorshaderclass.cpp(71,24): error C2511: 'bool ColorShaderClass::InitializeShader(ID3D11Device *,HWND,WCHAR *,WCHAR *)': 오버로드된 멤버 함수가 'ColorShaderClass'에 없습니다.
C:\Users\WINDOWS\Desktop\4학년 2학기\컴그실2\Zelda\Test\BOTW\dx11ter01_src\dx11ter01_src\source\colorshaderclass.h(22): message : 'ColorShaderClass' 선언을 참조하십시오.
C:\Users\WINDOWS\Desktop\4학년 2학기\컴그실2\Zelda\Test\BOTW\dx11ter01_src\dx11ter01_src\source\colorshaderclass.cpp(95,4): error C2352: 'ColorShaderClass::OutputShaderErrorMessage': 비정적 멤버 함수를 호출하려면 개체가 필요합니다.
C:\Users\WINDOWS\Desktop\4학년 2학기\컴그실2\Zelda\Test\BOTW\dx11ter01_src\dx11ter01_src\source\colorshaderclass.h(44): message : 'ColorShaderClass::OutputShaderErrorMessage' 선언을 참조하십시오.
C:\Users\WINDOWS\Desktop\4학년 2학기\컴그실2\Zelda\Test\BOTW\dx11ter01_src\dx11ter01_src\source\colorshaderclass.cpp(100,62): error C2664: 'int MessageBoxA(HWND,LPCSTR,LPCSTR,UINT)': 인수 2을(를) 'WCHAR *'에서 'LPCSTR'(으)로 변환할 수 없습니다.
C:\Users\WINDOWS\Desktop\4학년 2학기\컴그실2\Zelda\Test\BOTW\dx11ter01_src\dx11ter01_src\source\colorshaderclass.cpp(100,21): message : 가리킨 형식이 관련이 없습니다. 변환하려면 reinterpret_cast, C 스타일 캐스트 또는 괄호가 있는 함수 스타일 캐스트가 필요합니다.
C:\Program Files (x86)\Windows Kits\10\Include\10.0.19041.0\um\winuser.h(9153,1): message : 'MessageBoxA' 선언을 참조하십시오.
C:\Users\WINDOWS\Desktop\4학년 2학기\컴그실2\Zelda\Test\BOTW\dx11ter01_src\dx11ter01_src\source\colorshaderclass.cpp(114,4): error C2352: 'ColorShaderClass::OutputShaderErrorMessage': 비정적 멤버 함수를 호출하려면 개체가 필요합니다.
C:\Users\WINDOWS\Desktop\4학년 2학기\컴그실2\Zelda\Test\BOTW\dx11ter01_src\dx11ter01_src\source\colorshaderclass.h(44): message : 'ColorShaderClass::OutputShaderErrorMessage' 선언을 참조하십시오.
C:\Users\WINDOWS\Desktop\4학년 2학기\컴그실2\Zelda\Test\BOTW\dx11ter01_src\dx11ter01_src\source\colorshaderclass.cpp(119,62): error C2664: 'int MessageBoxA(HWND,LPCSTR,LPCSTR,UINT)': 인수 2을(를) 'WCHAR *'에서 'LPCSTR'(으)로 변환할 수 없습니다.
C:\Users\WINDOWS\Desktop\4학년 2학기\컴그실2\Zelda\Test\BOTW\dx11ter01_src\dx11ter01_src\source\colorshaderclass.cpp(119,21): message : 가리킨 형식이 관련이 없습니다. 변환하려면 reinterpret_cast, C 스타일 캐스트 또는 괄호가 있는 함수 스타일 캐스트가 필요합니다.
C:\Program Files (x86)\Windows Kits\10\Include\10.0.19041.0\um\winuser.h(9153,1): message : 'MessageBoxA' 선언을 참조하십시오.
C:\Users\WINDOWS\Desktop\4학년 2학기\컴그실2\Zelda\Test\BOTW\dx11ter01_src\dx11ter01_src\source\colorshaderclass.cpp(126,125): error C2597: 비정적 멤버 'ColorShaderClass::m_vertexShader'에 대한 참조가 잘못되었습니다.
C:\Users\WINDOWS\Desktop\4학년 2학기\컴그실2\Zelda\Test\BOTW\dx11ter01_src\dx11ter01_src\source\colorshaderclass.h(50): message : 'ColorShaderClass::m_vertexShader' 선언을 참조하십시오.
C:\Users\WINDOWS\Desktop\4학년 2학기\컴그실2\Zelda\Test\BOTW\dx11ter01_src\dx11ter01_src\source\colorshaderclass.cpp(126,139): error C2664: 'HRESULT ID3D11Device::CreateVertexShader(const void *,SIZE_T,ID3D11ClassLinkage *,ID3D11VertexShader **)': 인수 4을(를) 'ID3D11VertexShader *ColorShaderClass::* '에서 'ID3D11VertexShader **'(으)로 변환할 수 없습니다.
C:\Users\WINDOWS\Desktop\4학년 2학기\컴그실2\Zelda\Test\BOTW\dx11ter01_src\dx11ter01_src\source\colorshaderclass.cpp(126,124): message : 이 변환이 가능한 컨텍스트가 없습니다.
C:\Program Files (x86)\Windows Kits\10\Include\10.0.19041.0\um\d3d11.h(13639,43): message : 'ID3D11Device::CreateVertexShader' 선언을 참조하십시오.
C:\Users\WINDOWS\Desktop\4학년 2학기\컴그실2\Zelda\Test\BOTW\dx11ter01_src\dx11ter01_src\source\colorshaderclass.cpp(133,122): error C2597: 비정적 멤버 'ColorShaderClass::m_pixelShader'에 대한 참조가 잘못되었습니다.
C:\Users\WINDOWS\Desktop\4학년 2학기\컴그실2\Zelda\Test\BOTW\dx11ter01_src\dx11ter01_src\source\colorshaderclass.h(51): message : 'ColorShaderClass::m_pixelShader' 선언을 참조하십시오.
C:\Users\WINDOWS\Desktop\4학년 2학기\컴그실2\Zelda\Test\BOTW\dx11ter01_src\dx11ter01_src\source\colorshaderclass.cpp(133,135): error C2664: 'HRESULT ID3D11Device::CreatePixelShader(const void *,SIZE_T,ID3D11ClassLinkage *,ID3D11PixelShader **)': 인수 4을(를) 'ID3D11PixelShader *ColorShaderClass::* '에서 'ID3D11PixelShader **'(으)로 변환할 수 없습니다.
C:\Users\WINDOWS\Desktop\4학년 2학기\컴그실2\Zelda\Test\BOTW\dx11ter01_src\dx11ter01_src\source\colorshaderclass.cpp(133,121): message : 이 변환이 가능한 컨텍스트가 없습니다.
C:\Program Files (x86)\Windows Kits\10\Include\10.0.19041.0\um\d3d11.h(13679,43): message : 'ID3D11Device::CreatePixelShader' 선언을 참조하십시오.
C:\Users\WINDOWS\Desktop\4학년 2학기\컴그실2\Zelda\Test\BOTW\dx11ter01_src\dx11ter01_src\source\colorshaderclass.cpp(161,51): error C2597: 비정적 멤버 'ColorShaderClass::m_layout'에 대한 참조가 잘못되었습니다.
C:\Users\WINDOWS\Desktop\4학년 2학기\컴그실2\Zelda\Test\BOTW\dx11ter01_src\dx11ter01_src\source\colorshaderclass.h(52): message : 'ColorShaderClass::m_layout' 선언을 참조하십시오.
C:\Users\WINDOWS\Desktop\4학년 2학기\컴그실2\Zelda\Test\BOTW\dx11ter01_src\dx11ter01_src\source\colorshaderclass.cpp(160,17): error C2664: 'HRESULT ID3D11Device::CreateInputLayout(const D3D11_INPUT_ELEMENT_DESC *,UINT,const void *,SIZE_T,ID3D11InputLayout **)': 인수 5을(를) 'ID3D11InputLayout *ColorShaderClass::* '에서 'ID3D11InputLayout **'(으)로 변환할 수 없습니다.
C:\Users\WINDOWS\Desktop\4학년 2학기\컴그실2\Zelda\Test\BOTW\dx11ter01_src\dx11ter01_src\source\colorshaderclass.cpp(161,50): message : 이 변환이 가능한 컨텍스트가 없습니다.
C:\Program Files (x86)\Windows Kits\10\Include\10.0.19041.0\um\d3d11.h(13627,43): message : 'ID3D11Device::CreateInputLayout' 선언을 참조하십시오.
C:\Users\WINDOWS\Desktop\4학년 2학기\컴그실2\Zelda\Test\BOTW\dx11ter01_src\dx11ter01_src\source\colorshaderclass.cpp(183,58): error C2597: 비정적 멤버 'ColorShaderClass::m_matrixBuffer'에 대한 참조가 잘못되었습니다.
C:\Users\WINDOWS\Desktop\4학년 2학기\컴그실2\Zelda\Test\BOTW\dx11ter01_src\dx11ter01_src\source\colorshaderclass.h(53): message : 'ColorShaderClass::m_matrixBuffer' 선언을 참조하십시오.
C:\Users\WINDOWS\Desktop\4학년 2학기\컴그실2\Zelda\Test\BOTW\dx11ter01_src\dx11ter01_src\source\colorshaderclass.cpp(183,72): error C2664: 'HRESULT ID3D11Device::CreateBuffer(const D3D11_BUFFER_DESC *,const D3D11_SUBRESOURCE_DATA *,ID3D11Buffer **)': 인수 3을(를) 'ID3D11Buffer *ColorShaderClass::* '에서 'ID3D11Buffer **'(으)로 변환할 수 없습니다.
C:\Users\WINDOWS\Desktop\4학년 2학기\컴그실2\Zelda\Test\BOTW\dx11ter01_src\dx11ter01_src\source\colorshaderclass.cpp(183,57): message : 이 변환이 가능한 컨텍스트가 없습니다.
C:\Program Files (x86)\Windows Kits\10\Include\10.0.19041.0\um\d3d11.h(13563,43): message : 'ID3D11Device::CreateBuffer' 선언을 참조하십시오.
C:\Users\WINDOWS\Desktop\4학년 2학기\컴그실2\Zelda\Test\BOTW\dx11ter01_src\dx11ter01_src\source\colorshaderclass.cpp(257,105): error C2664: 'int MessageBoxA(HWND,LPCSTR,LPCSTR,UINT)': 인수 2을(를) 'const wchar_t [61]'에서 'LPCSTR'(으)로 변환할 수 없습니다.
C:\Users\WINDOWS\Desktop\4학년 2학기\컴그실2\Zelda\Test\BOTW\dx11ter01_src\dx11ter01_src\source\colorshaderclass.cpp(257,19): message : 가리킨 형식이 관련이 없습니다. 변환하려면 reinterpret_cast, C 스타일 캐스트 또는 괄호가 있는 함수 스타일 캐스트가 필요합니다.
C:\Program Files (x86)\Windows Kits\10\Include\10.0.19041.0\um\winuser.h(9153,1): message : 'MessageBoxA' 선언을 참조하십시오.
  d3dclass.cpp
C:\Users\WINDOWS\Desktop\4학년 2학기\컴그실2\Zelda\Test\BOTW\dx11ter01_src\dx11ter01_src\source\d3dclass.cpp(130,93): error C2664: 'errno_t wcstombs_s(size_t *,char *,size_t,const wchar_t *,size_t)': 인수 1을(를) 'unsigned __int64 *'에서 'size_t *'(으)로 변환할 수 없습니다.
C:\Users\WINDOWS\Desktop\4학년 2학기\컴그실2\Zelda\Test\BOTW\dx11ter01_src\dx11ter01_src\source\d3dclass.cpp(130,21): message : 가리킨 형식이 관련이 없습니다. 변환하려면 reinterpret_cast, C 스타일 캐스트 또는 괄호가 있는 함수 스타일 캐스트가 필요합니다.
C:\Program Files (x86)\Windows Kits\10\Include\10.0.19041.0\ucrt\stdlib.h(996,26): message : 'wcstombs_s' 선언을 참조하십시오.
  fontclass.cpp
  fontshaderclass.cpp
C:\Users\WINDOWS\Desktop\4학년 2학기\컴그실2\Zelda\Test\BOTW\dx11ter01_src\dx11ter01_src\source\fontshaderclass.cpp(34,84): error C2664: 'bool FontShaderClass::InitializeShader(ID3D11Device *,HWND,WCHAR *,WCHAR *)': 인수 3을(를) 'const wchar_t [18]'에서 'WCHAR *'(으)로 변환할 수 없습니다.
C:\Users\WINDOWS\Desktop\4학년 2학기\컴그실2\Zelda\Test\BOTW\dx11ter01_src\dx11ter01_src\source\fontshaderclass.cpp(34,42): message : 문자열 리터럴로부터의 변환은 const 한정자가 손실됩니다(/Zc:strictStrings 참조).
C:\Users\WINDOWS\Desktop\4학년 2학기\컴그실2\Zelda\Test\BOTW\dx11ter01_src\dx11ter01_src\source\fontshaderclass.h(47,7): message : 'FontShaderClass::InitializeShader' 선언을 참조하십시오.
C:\Users\WINDOWS\Desktop\4학년 2학기\컴그실2\Zelda\Test\BOTW\dx11ter01_src\dx11ter01_src\source\fontshaderclass.cpp(104,62): error C2664: 'int MessageBoxA(HWND,LPCSTR,LPCSTR,UINT)': 인수 2을(를) 'WCHAR *'에서 'LPCSTR'(으)로 변환할 수 없습니다.
C:\Users\WINDOWS\Desktop\4학년 2학기\컴그실2\Zelda\Test\BOTW\dx11ter01_src\dx11ter01_src\source\fontshaderclass.cpp(104,21): message : 가리킨 형식이 관련이 없습니다. 변환하려면 reinterpret_cast, C 스타일 캐스트 또는 괄호가 있는 함수 스타일 캐스트가 필요합니다.
C:\Program Files (x86)\Windows Kits\10\Include\10.0.19041.0\um\winuser.h(9153,1): message : 'MessageBoxA' 선언을 참조하십시오.
C:\Users\WINDOWS\Desktop\4학년 2학기\컴그실2\Zelda\Test\BOTW\dx11ter01_src\dx11ter01_src\source\fontshaderclass.cpp(123,62): error C2664: 'int MessageBoxA(HWND,LPCSTR,LPCSTR,UINT)': 인수 2을(를) 'WCHAR *'에서 'LPCSTR'(으)로 변환할 수 없습니다.
C:\Users\WINDOWS\Desktop\4학년 2학기\컴그실2\Zelda\Test\BOTW\dx11ter01_src\dx11ter01_src\source\fontshaderclass.cpp(123,21): message : 가리킨 형식이 관련이 없습니다. 변환하려면 reinterpret_cast, C 스타일 캐스트 또는 괄호가 있는 함수 스타일 캐스트가 필요합니다.
C:\Program Files (x86)\Windows Kits\10\Include\10.0.19041.0\um\winuser.h(9153,1): message : 'MessageBoxA' 선언을 참조하십시오.
C:\Users\WINDOWS\Desktop\4학년 2학기\컴그실2\Zelda\Test\BOTW\dx11ter01_src\dx11ter01_src\source\fontshaderclass.cpp(312,105): error C2664: 'int MessageBoxA(HWND,LPCSTR,LPCSTR,UINT)': 인수 2을(를) 'const wchar_t [61]'에서 'LPCSTR'(으)로 변환할 수 없습니다.
C:\Users\WINDOWS\Desktop\4학년 2학기\컴그실2\Zelda\Test\BOTW\dx11ter01_src\dx11ter01_src\source\fontshaderclass.cpp(312,19): message : 가리킨 형식이 관련이 없습니다. 변환하려면 reinterpret_cast, C 스타일 캐스트 또는 괄호가 있는 함수 스타일 캐스트가 필요합니다.
C:\Program Files (x86)\Windows Kits\10\Include\10.0.19041.0\um\winuser.h(9153,1): message : 'MessageBoxA' 선언을 참조하십시오.
  fpsclass.cpp
  inputclass.cpp
  main.cpp
  positionclass.cpp
  shadermanagerclass.cpp
  systemclass.cpp
C:\Users\WINDOWS\Desktop\4학년 2학기\컴그실2\Zelda\Test\BOTW\dx11ter01_src\dx11ter01_src\source\systemclass.cpp(161,38): error C2440: '=': 'LPCWSTR'에서 'LPCSTR'(으)로 변환할 수 없습니다.
C:\Users\WINDOWS\Desktop\4학년 2학기\컴그실2\Zelda\Test\BOTW\dx11ter01_src\dx11ter01_src\source\systemclass.cpp(161,21): message : 가리킨 형식이 관련이 없습니다. 변환하려면 reinterpret_cast, C 스타일 캐스트 또는 괄호가 있는 함수 스타일 캐스트가 필요합니다.
C:\Users\WINDOWS\Desktop\4학년 2학기\컴그실2\Zelda\Test\BOTW\dx11ter01_src\dx11ter01_src\source\systemclass.cpp(200,11): error C2664: 'HWND CreateWindowExA(DWORD,LPCSTR,LPCSTR,DWORD,int,int,int,int,HWND,HMENU,HINSTANCE,LPVOID)': 인수 2을(를) 'LPCWSTR'에서 'LPCSTR'(으)로 변환할 수 없습니다.
C:\Users\WINDOWS\Desktop\4학년 2학기\컴그실2\Zelda\Test\BOTW\dx11ter01_src\dx11ter01_src\source\systemclass.cpp(200,43): message : 가리킨 형식이 관련이 없습니다. 변환하려면 reinterpret_cast, C 스타일 캐스트 또는 괄호가 있는 함수 스타일 캐스트가 필요합니다.
C:\Program Files (x86)\Windows Kits\10\Include\10.0.19041.0\um\winuser.h(4416,1): message : 'CreateWindowExA' 선언을 참조하십시오.
C:\Users\WINDOWS\Desktop\4학년 2학기\컴그실2\Zelda\Test\BOTW\dx11ter01_src\dx11ter01_src\source\systemclass.cpp(231,48): error C2664: 'BOOL UnregisterClassA(LPCSTR,HINSTANCE)': 인수 1을(를) 'LPCWSTR'에서 'LPCSTR'(으)로 변환할 수 없습니다.
C:\Users\WINDOWS\Desktop\4학년 2학기\컴그실2\Zelda\Test\BOTW\dx11ter01_src\dx11ter01_src\source\systemclass.cpp(231,18): message : 가리킨 형식이 관련이 없습니다. 변환하려면 reinterpret_cast, C 스타일 캐스트 또는 괄호가 있는 함수 스타일 캐스트가 필요합니다.
C:\Program Files (x86)\Windows Kits\10\Include\10.0.19041.0\um\winuser.h(4300,1): message : 'UnregisterClassA' 선언을 참조하십시오.
  terrainclass.cpp
  textclass.cpp
  textureclass.cpp
  timerclass.cpp
  userinterfaceclass.cpp
C:\Users\WINDOWS\Desktop\4학년 2학기\컴그실2\Zelda\Test\BOTW\dx11ter01_src\dx11ter01_src\source\userinterfaceclass.cpp(45,18): error C2664: 'bool FontClass::Initialize(ID3D11Device *,ID3D11DeviceContext *,char *,char *,float,int)': 인수 3을(를) 'const char [31]'에서 'char *'(으)로 변환할 수 없습니다.
C:\Users\WINDOWS\Desktop\4학년 2학기\컴그실2\Zelda\Test\BOTW\dx11ter01_src\dx11ter01_src\source\userinterfaceclass.cpp(45,84): message : 문자열 리터럴로부터의 변환은 const 한정자가 손실됩니다(/Zc:strictStrings 참조).
C:\Users\WINDOWS\Desktop\4학년 2학기\컴그실2\Zelda\Test\BOTW\dx11ter01_src\dx11ter01_src\source\fontclass.h(46,7): message : 'FontClass::Initialize' 선언을 참조하십시오.
C:\Users\WINDOWS\Desktop\4학년 2학기\컴그실2\Zelda\Test\BOTW\dx11ter01_src\dx11ter01_src\source\userinterfaceclass.cpp(60,22): error C2664: 'bool TextClass::Initialize(ID3D11Device *,ID3D11DeviceContext *,int,int,int,bool,FontClass *,char *,int,int,float,float,float)': 인수 8을(를) 'const char [7]'에서 'char *'(으)로 변환할 수 없습니다.
C:\Users\WINDOWS\Desktop\4학년 2학기\컴그실2\Zelda\Test\BOTW\dx11ter01_src\dx11ter01_src\source\userinterfaceclass.cpp(61,11): message : 문자열 리터럴로부터의 변환은 const 한정자가 손실됩니다(/Zc:strictStrings 참조).
C:\Users\WINDOWS\Desktop\4학년 2학기\컴그실2\Zelda\Test\BOTW\dx11ter01_src\dx11ter01_src\source\textclass.h(32,7): message : 'TextClass::Initialize' 선언을 참조하십시오.
C:\Users\WINDOWS\Desktop\4학년 2학기\컴그실2\Zelda\Test\BOTW\dx11ter01_src\dx11ter01_src\source\userinterfaceclass.cpp(111,31): error C2664: 'bool TextClass::Initialize(ID3D11Device *,ID3D11DeviceContext *,int,int,int,bool,FontClass *,char *,int,int,float,float,float)': 인수 8을(를) 'const char [5]'에서 'char *'(으)로 변환할 수 없습니다.
C:\Users\WINDOWS\Desktop\4학년 2학기\컴그실2\Zelda\Test\BOTW\dx11ter01_src\dx11ter01_src\source\userinterfaceclass.cpp(112,13): message : 문자열 리터럴로부터의 변환은 const 한정자가 손실됩니다(/Zc:strictStrings 참조).
C:\Users\WINDOWS\Desktop\4학년 2학기\컴그실2\Zelda\Test\BOTW\dx11ter01_src\dx11ter01_src\source\textclass.h(32,7): message : 'TextClass::Initialize' 선언을 참조하십시오.
C:\Users\WINDOWS\Desktop\4학년 2학기\컴그실2\Zelda\Test\BOTW\dx11ter01_src\dx11ter01_src\source\userinterfaceclass.cpp(118,31): error C2664: 'bool TextClass::Initialize(ID3D11Device *,ID3D11DeviceContext *,int,int,int,bool,FontClass *,char *,int,int,float,float,float)': 인수 8을(를) 'const char [5]'에서 'char *'(으)로 변환할 수 없습니다.
C:\Users\WINDOWS\Desktop\4학년 2학기\컴그실2\Zelda\Test\BOTW\dx11ter01_src\dx11ter01_src\source\userinterfaceclass.cpp(119,13): message : 문자열 리터럴로부터의 변환은 const 한정자가 손실됩니다(/Zc:strictStrings 참조).
C:\Users\WINDOWS\Desktop\4학년 2학기\컴그실2\Zelda\Test\BOTW\dx11ter01_src\dx11ter01_src\source\textclass.h(32,7): message : 'TextClass::Initialize' 선언을 참조하십시오.
C:\Users\WINDOWS\Desktop\4학년 2학기\컴그실2\Zelda\Test\BOTW\dx11ter01_src\dx11ter01_src\source\userinterfaceclass.cpp(125,31): error C2664: 'bool TextClass::Initialize(ID3D11Device *,ID3D11DeviceContext *,int,int,int,bool,FontClass *,char *,int,int,float,float,float)': 인수 8을(를) 'const char [5]'에서 'char *'(으)로 변환할 수 없습니다.
C:\Users\WINDOWS\Desktop\4학년 2학기\컴그실2\Zelda\Test\BOTW\dx11ter01_src\dx11ter01_src\source\userinterfaceclass.cpp(126,13): message : 문자열 리터럴로부터의 변환은 const 한정자가 손실됩니다(/Zc:strictStrings 참조).
C:\Users\WINDOWS\Desktop\4학년 2학기\컴그실2\Zelda\Test\BOTW\dx11ter01_src\dx11ter01_src\source\textclass.h(32,7): message : 'TextClass::Initialize' 선언을 참조하십시오.
C:\Users\WINDOWS\Desktop\4학년 2학기\컴그실2\Zelda\Test\BOTW\dx11ter01_src\dx11ter01_src\source\userinterfaceclass.cpp(132,31): error C2664: 'bool TextClass::Initialize(ID3D11Device *,ID3D11DeviceContext *,int,int,int,bool,FontClass *,char *,int,int,float,float,float)': 인수 8을(를) 'const char [6]'에서 'char *'(으)로 변환할 수 없습니다.
C:\Users\WINDOWS\Desktop\4학년 2학기\컴그실2\Zelda\Test\BOTW\dx11ter01_src\dx11ter01_src\source\userinterfaceclass.cpp(133,13): message : 문자열 리터럴로부터의 변환은 const 한정자가 손실됩니다(/Zc:strictStrings 참조).
C:\Users\WINDOWS\Desktop\4학년 2학기\컴그실2\Zelda\Test\BOTW\dx11ter01_src\dx11ter01_src\source\textclass.h(32,7): message : 'TextClass::Initialize' 선언을 참조하십시오.
C:\Users\WINDOWS\Desktop\4학년 2학기\컴그실2\Zelda\Test\BOTW\dx11ter01_src\dx11ter01_src\source\userinterfaceclass.cpp(139,31): error C2664: 'bool TextClass::Initialize(ID3D11Device *,ID3D11DeviceContext *,int,int,int,bool,FontClass *,char *,int,int,float,float,float)': 인수 8을(를) 'const char [6]'에서 'char *'(으)로 변환할 수 없습니다.
C:\Users\WINDOWS\Desktop\4학년 2학기\컴그실2\Zelda\Test\BOTW\dx11ter01_src\dx11ter01_src\source\userinterfaceclass.cpp(140,13): message : 문자열 리터럴로부터의 변환은 const 한정자가 손실됩니다(/Zc:strictStrings 참조).
C:\Users\WINDOWS\Desktop\4학년 2학기\컴그실2\Zelda\Test\BOTW\dx11ter01_src\dx11ter01_src\source\textclass.h(32,7): message : 'TextClass::Initialize' 선언을 참조하십시오.
C:\Users\WINDOWS\Desktop\4학년 2학기\컴그실2\Zelda\Test\BOTW\dx11ter01_src\dx11ter01_src\source\userinterfaceclass.cpp(146,31): error C2664: 'bool TextClass::Initialize(ID3D11Device *,ID3D11DeviceContext *,int,int,int,bool,FontClass *,char *,int,int,float,float,float)': 인수 8을(를) 'const char [6]'에서 'char *'(으)로 변환할 수 없습니다.
C:\Users\WINDOWS\Desktop\4학년 2학기\컴그실2\Zelda\Test\BOTW\dx11ter01_src\dx11ter01_src\source\userinterfaceclass.cpp(147,13): message : 문자열 리터럴로부터의 변환은 const 한정자가 손실됩니다(/Zc:strictStrings 참조).
C:\Users\WINDOWS\Desktop\4학년 2학기\컴그실2\Zelda\Test\BOTW\dx11ter01_src\dx11ter01_src\source\textclass.h(32,7): message : 'TextClass::Initialize' 선언을 참조하십시오.
  zoneclass.cpp
C:\Users\WINDOWS\Desktop\4학년 2학기\컴그실2\Zelda\Test\BOTW\dx11ter01_src\dx11ter01_src\source\zoneclass.cpp(42,87): error C2664: 'int MessageBoxA(HWND,LPCSTR,LPCSTR,UINT)': 인수 2을(를) 'const wchar_t [48]'에서 'LPCSTR'(으)로 변환할 수 없습니다.
C:\Users\WINDOWS\Desktop\4학년 2학기\컴그실2\Zelda\Test\BOTW\dx11ter01_src\dx11ter01_src\source\zoneclass.cpp(42,20): message : 가리킨 형식이 관련이 없습니다. 변환하려면 reinterpret_cast, C 스타일 캐스트 또는 괄호가 있는 함수 스타일 캐스트가 필요합니다.
C:\Program Files (x86)\Windows Kits\10\Include\10.0.19041.0\um\winuser.h(9153,1): message : 'MessageBoxA' 선언을 참조하십시오.
C:\Users\WINDOWS\Desktop\4학년 2학기\컴그실2\Zelda\Test\BOTW\dx11ter01_src\dx11ter01_src\source\zoneclass.cpp(47,28): warning C4316: 'CameraClass': 힙에 할당된 개체가 16에 맞추어져 있지 않을 수도 있습니다
C:\Users\WINDOWS\Desktop\4학년 2학기\컴그실2\Zelda\Test\BOTW\dx11ter01_src\dx11ter01_src\source\zoneclass.cpp(80,80): error C2664: 'int MessageBoxA(HWND,LPCSTR,LPCSTR,UINT)': 인수 2을(를) 'const wchar_t [41]'에서 'LPCSTR'(으)로 변환할 수 없습니다.
C:\Users\WINDOWS\Desktop\4학년 2학기\컴그실2\Zelda\Test\BOTW\dx11ter01_src\dx11ter01_src\source\zoneclass.cpp(80,20): message : 가리킨 형식이 관련이 없습니다. 변환하려면 reinterpret_cast, C 스타일 캐스트 또는 괄호가 있는 함수 스타일 캐스트가 필요합니다.
C:\Program Files (x86)\Windows Kits\10\Include\10.0.19041.0\um\winuser.h(9153,1): message : 'MessageBoxA' 선언을 참조하십시오.
  코드를 생성하고 있습니다...
