  applicationclass.cpp
C:\Users\WINDOWS\Desktop\4학년 2학기\컴그실2\Zelda\dx11ter13_src\dx11ter13_src\source\applicationclass.cpp(50,27): warning C4316: 'D3DClass': 힙에 할당된 개체가 16에 맞추어져 있지 않을 수도 있습니다
C:\Users\WINDOWS\Desktop\4학년 2학기\컴그실2\Zelda\dx11ter13_src\dx11ter13_src\source\applicationclass.cpp(95,138): error C2664: 'bool TextureManagerClass::LoadTexture(ID3D11Device *,ID3D11DeviceContext *,char *,int)': 인수 3을(를) 'const char [36]'에서 'char *'(으)로 변환할 수 없습니다.
C:\Users\WINDOWS\Desktop\4학년 2학기\컴그실2\Zelda\dx11ter13_src\dx11ter13_src\source\applicationclass.cpp(95,98): message : 문자열 리터럴로부터의 변환은 const 한정자가 손실됩니다(/Zc:strictStrings 참조).
C:\Users\WINDOWS\Desktop\4학년 2학기\컴그실2\Zelda\dx11ter13_src\dx11ter13_src\source\texturemanagerclass.h(27,7): message : 'TextureManagerClass::LoadTexture' 선언을 참조하십시오.
C:\Users\WINDOWS\Desktop\4학년 2학기\컴그실2\Zelda\dx11ter13_src\dx11ter13_src\source\applicationclass.cpp(101,138): error C2664: 'bool TextureManagerClass::LoadTexture(ID3D11Device *,ID3D11DeviceContext *,char *,int)': 인수 3을(를) 'const char [36]'에서 'char *'(으)로 변환할 수 없습니다.
C:\Users\WINDOWS\Desktop\4학년 2학기\컴그실2\Zelda\dx11ter13_src\dx11ter13_src\source\applicationclass.cpp(101,98): message : 문자열 리터럴로부터의 변환은 const 한정자가 손실됩니다(/Zc:strictStrings 참조).
C:\Users\WINDOWS\Desktop\4학년 2학기\컴그실2\Zelda\dx11ter13_src\dx11ter13_src\source\texturemanagerclass.h(27,7): message : 'TextureManagerClass::LoadTexture' 선언을 참조하십시오.
C:\Users\WINDOWS\Desktop\4학년 2학기\컴그실2\Zelda\dx11ter13_src\dx11ter13_src\source\applicationclass.cpp(107,138): error C2664: 'bool TextureManagerClass::LoadTexture(ID3D11Device *,ID3D11DeviceContext *,char *,int)': 인수 3을(를) 'const char [36]'에서 'char *'(으)로 변환할 수 없습니다.
C:\Users\WINDOWS\Desktop\4학년 2학기\컴그실2\Zelda\dx11ter13_src\dx11ter13_src\source\applicationclass.cpp(107,98): message : 문자열 리터럴로부터의 변환은 const 한정자가 손실됩니다(/Zc:strictStrings 참조).
C:\Users\WINDOWS\Desktop\4학년 2학기\컴그실2\Zelda\dx11ter13_src\dx11ter13_src\source\texturemanagerclass.h(27,7): message : 'TextureManagerClass::LoadTexture' 선언을 참조하십시오.
  bitmapclass.cpp
  cameraclass.cpp
  colorshaderclass.cpp
C:\Users\WINDOWS\Desktop\4학년 2학기\컴그실2\Zelda\dx11ter13_src\dx11ter13_src\source\colorshaderclass.cpp(32,86): error C2664: 'bool ColorShaderClass::InitializeShader(ID3D11Device *,HWND,WCHAR *,WCHAR *)': 인수 3을(를) 'const wchar_t [19]'에서 'WCHAR *'(으)로 변환할 수 없습니다.
C:\Users\WINDOWS\Desktop\4학년 2학기\컴그실2\Zelda\dx11ter13_src\dx11ter13_src\source\colorshaderclass.cpp(32,42): message : 문자열 리터럴로부터의 변환은 const 한정자가 손실됩니다(/Zc:strictStrings 참조).
C:\Users\WINDOWS\Desktop\4학년 2학기\컴그실2\Zelda\dx11ter13_src\dx11ter13_src\source\colorshaderclass.h(42,7): message : 'ColorShaderClass::InitializeShader' 선언을 참조하십시오.
  d3dclass.cpp
C:\Users\WINDOWS\Desktop\4학년 2학기\컴그실2\Zelda\dx11ter13_src\dx11ter13_src\source\d3dclass.cpp(130,93): error C2664: 'errno_t wcstombs_s(size_t *,char *,size_t,const wchar_t *,size_t)': 인수 1을(를) 'unsigned __int64 *'에서 'size_t *'(으)로 변환할 수 없습니다.
C:\Users\WINDOWS\Desktop\4학년 2학기\컴그실2\Zelda\dx11ter13_src\dx11ter13_src\source\d3dclass.cpp(130,21): message : 가리킨 형식이 관련이 없습니다. 변환하려면 reinterpret_cast, C 스타일 캐스트 또는 함수 스타일 캐스트가 필요합니다.
C:\Program Files (x86)\Windows Kits\10\Include\10.0.19041.0\ucrt\stdlib.h(996,26): message : 'wcstombs_s' 선언을 참조하십시오.
  fontclass.cpp
  fontshaderclass.cpp
C:\Users\WINDOWS\Desktop\4학년 2학기\컴그실2\Zelda\dx11ter13_src\dx11ter13_src\source\fontshaderclass.cpp(34,84): error C2664: 'bool FontShaderClass::InitializeShader(ID3D11Device *,HWND,WCHAR *,WCHAR *)': 인수 3을(를) 'const wchar_t [18]'에서 'WCHAR *'(으)로 변환할 수 없습니다.
C:\Users\WINDOWS\Desktop\4학년 2학기\컴그실2\Zelda\dx11ter13_src\dx11ter13_src\source\fontshaderclass.cpp(34,42): message : 문자열 리터럴로부터의 변환은 const 한정자가 손실됩니다(/Zc:strictStrings 참조).
C:\Users\WINDOWS\Desktop\4학년 2학기\컴그실2\Zelda\dx11ter13_src\dx11ter13_src\source\fontshaderclass.h(47,7): message : 'FontShaderClass::InitializeShader' 선언을 참조하십시오.
  fpsclass.cpp
  frustumclass.cpp
  inputclass.cpp
  lightclass.cpp
  lightshaderclass.cpp
C:\Users\WINDOWS\Desktop\4학년 2학기\컴그실2\Zelda\dx11ter13_src\dx11ter13_src\source\lightshaderclass.cpp(34,86): error C2664: 'bool LightShaderClass::InitializeShader(ID3D11Device *,HWND,WCHAR *,WCHAR *)': 인수 3을(를) 'const wchar_t [19]'에서 'WCHAR *'(으)로 변환할 수 없습니다.
C:\Users\WINDOWS\Desktop\4학년 2학기\컴그실2\Zelda\dx11ter13_src\dx11ter13_src\source\lightshaderclass.cpp(34,42): message : 문자열 리터럴로부터의 변환은 const 한정자가 손실됩니다(/Zc:strictStrings 참조).
C:\Users\WINDOWS\Desktop\4학년 2학기\컴그실2\Zelda\dx11ter13_src\dx11ter13_src\source\lightshaderclass.h(49,7): message : 'LightShaderClass::InitializeShader' 선언을 참조하십시오.
  main.cpp
  minimapclass.cpp
C:\Users\WINDOWS\Desktop\4학년 2학기\컴그실2\Zelda\dx11ter13_src\dx11ter13_src\source\minimapclass.cpp(50,26): error C2664: 'bool BitmapClass::Initialize(ID3D11Device *,ID3D11DeviceContext *,int,int,int,int,char *)': 인수 7을(를) 'const char [35]'에서 'char *'(으)로 변환할 수 없습니다.
C:\Users\WINDOWS\Desktop\4학년 2학기\컴그실2\Zelda\dx11ter13_src\dx11ter13_src\source\minimapclass.cpp(51,12): message : 문자열 리터럴로부터의 변환은 const 한정자가 손실됩니다(/Zc:strictStrings 참조).
C:\Users\WINDOWS\Desktop\4학년 2학기\컴그실2\Zelda\dx11ter13_src\dx11ter13_src\source\bitmapclass.h(38,7): message : 'BitmapClass::Initialize' 선언을 참조하십시오.
C:\Users\WINDOWS\Desktop\4학년 2학기\컴그실2\Zelda\dx11ter13_src\dx11ter13_src\source\minimapclass.cpp(65,24): error C2664: 'bool BitmapClass::Initialize(ID3D11Device *,ID3D11DeviceContext *,int,int,int,int,char *)': 인수 7을(를) 'const char [33]'에서 'char *'(으)로 변환할 수 없습니다.
C:\Users\WINDOWS\Desktop\4학년 2학기\컴그실2\Zelda\dx11ter13_src\dx11ter13_src\source\minimapclass.cpp(66,13): message : 문자열 리터럴로부터의 변환은 const 한정자가 손실됩니다(/Zc:strictStrings 참조).
C:\Users\WINDOWS\Desktop\4학년 2학기\컴그실2\Zelda\dx11ter13_src\dx11ter13_src\source\bitmapclass.h(38,7): message : 'BitmapClass::Initialize' 선언을 참조하십시오.
  positionclass.cpp
  shadermanagerclass.cpp
  skydomeclass.cpp
C:\Users\WINDOWS\Desktop\4학년 2학기\컴그실2\Zelda\dx11ter13_src\dx11ter13_src\source\skydomeclass.cpp(31,64): error C2664: 'bool SkyDomeClass::LoadSkyDomeModel(char *)': 인수 1을(를) 'const char [35]'에서 'char *'(으)로 변환할 수 없습니다.
C:\Users\WINDOWS\Desktop\4학년 2학기\컴그실2\Zelda\dx11ter13_src\dx11ter13_src\source\skydomeclass.cpp(31,28): message : 문자열 리터럴로부터의 변환은 const 한정자가 손실됩니다(/Zc:strictStrings 참조).
C:\Users\WINDOWS\Desktop\4학년 2학기\컴그실2\Zelda\dx11ter13_src\dx11ter13_src\source\skydomeclass.h(50,7): message : 'SkyDomeClass::LoadSkyDomeModel' 선언을 참조하십시오.
  skydomeshaderclass.cpp
C:\Users\WINDOWS\Desktop\4학년 2학기\컴그실2\Zelda\dx11ter13_src\dx11ter13_src\source\skydomeshaderclass.cpp(33,90): error C2664: 'bool SkyDomeShaderClass::InitializeShader(ID3D11Device *,HWND,WCHAR *,WCHAR *)': 인수 3을(를) 'const wchar_t [21]'에서 'WCHAR *'(으)로 변환할 수 없습니다.
C:\Users\WINDOWS\Desktop\4학년 2학기\컴그실2\Zelda\dx11ter13_src\dx11ter13_src\source\skydomeshaderclass.cpp(33,42): message : 문자열 리터럴로부터의 변환은 const 한정자가 손실됩니다(/Zc:strictStrings 참조).
C:\Users\WINDOWS\Desktop\4학년 2학기\컴그실2\Zelda\dx11ter13_src\dx11ter13_src\source\skydomeshaderclass.h(48,7): message : 'SkyDomeShaderClass::InitializeShader' 선언을 참조하십시오.
  systemclass.cpp
  terraincellclass.cpp
  코드를 생성하고 있습니다...
  컴파일하고 있습니다...
  terrainclass.cpp
C:\Users\WINDOWS\Desktop\4학년 2학기\컴그실2\Zelda\dx11ter13_src\dx11ter13_src\source\terrainclass.cpp(230,32): warning C4244: '초기화 중': 'unsigned __int64'에서 'unsigned int'(으)로 변환하면서 데이터가 손실될 수 있습니다.
C:\Users\WINDOWS\Desktop\4학년 2학기\컴그실2\Zelda\dx11ter13_src\dx11ter13_src\source\terrainclass.cpp(237,50): warning C4244: '인수': 'unsigned __int64'에서 'size_t'(으)로 변환하면서 데이터가 손실될 수 있습니다.
  terrainshaderclass.cpp
C:\Users\WINDOWS\Desktop\4학년 2학기\컴그실2\Zelda\dx11ter13_src\dx11ter13_src\source\terrainshaderclass.cpp(34,90): error C2664: 'bool TerrainShaderClass::InitializeShader(ID3D11Device *,HWND,WCHAR *,WCHAR *)': 인수 3을(를) 'const wchar_t [21]'에서 'WCHAR *'(으)로 변환할 수 없습니다.
C:\Users\WINDOWS\Desktop\4학년 2학기\컴그실2\Zelda\dx11ter13_src\dx11ter13_src\source\terrainshaderclass.cpp(34,42): message : 문자열 리터럴로부터의 변환은 const 한정자가 손실됩니다(/Zc:strictStrings 참조).
C:\Users\WINDOWS\Desktop\4학년 2학기\컴그실2\Zelda\dx11ter13_src\dx11ter13_src\source\terrainshaderclass.h(50,7): message : 'TerrainShaderClass::InitializeShader' 선언을 참조하십시오.
  textclass.cpp
  textureclass.cpp
  texturemanagerclass.cpp
  textureshaderclass.cpp
C:\Users\WINDOWS\Desktop\4학년 2학기\컴그실2\Zelda\dx11ter13_src\dx11ter13_src\source\textureshaderclass.cpp(33,90): error C2664: 'bool TextureShaderClass::InitializeShader(ID3D11Device *,HWND,WCHAR *,WCHAR *)': 인수 3을(를) 'const wchar_t [21]'에서 'WCHAR *'(으)로 변환할 수 없습니다.
C:\Users\WINDOWS\Desktop\4학년 2학기\컴그실2\Zelda\dx11ter13_src\dx11ter13_src\source\textureshaderclass.cpp(33,42): message : 문자열 리터럴로부터의 변환은 const 한정자가 손실됩니다(/Zc:strictStrings 참조).
C:\Users\WINDOWS\Desktop\4학년 2학기\컴그실2\Zelda\dx11ter13_src\dx11ter13_src\source\textureshaderclass.h(42,7): message : 'TextureShaderClass::InitializeShader' 선언을 참조하십시오.
  timerclass.cpp
  userinterfaceclass.cpp
C:\Users\WINDOWS\Desktop\4학년 2학기\컴그실2\Zelda\dx11ter13_src\dx11ter13_src\source\userinterfaceclass.cpp(47,18): error C2664: 'bool FontClass::Initialize(ID3D11Device *,ID3D11DeviceContext *,char *,char *,float,int)': 인수 3을(를) 'const char [31]'에서 'char *'(으)로 변환할 수 없습니다.
C:\Users\WINDOWS\Desktop\4학년 2학기\컴그실2\Zelda\dx11ter13_src\dx11ter13_src\source\userinterfaceclass.cpp(47,84): message : 문자열 리터럴로부터의 변환은 const 한정자가 손실됩니다(/Zc:strictStrings 참조).
C:\Users\WINDOWS\Desktop\4학년 2학기\컴그실2\Zelda\dx11ter13_src\dx11ter13_src\source\fontclass.h(46,7): message : 'FontClass::Initialize' 선언을 참조하십시오.
C:\Users\WINDOWS\Desktop\4학년 2학기\컴그실2\Zelda\dx11ter13_src\dx11ter13_src\source\userinterfaceclass.cpp(62,22): error C2664: 'bool TextClass::Initialize(ID3D11Device *,ID3D11DeviceContext *,int,int,int,bool,FontClass *,char *,int,int,float,float,float)': 인수 8을(를) 'const char [7]'에서 'char *'(으)로 변환할 수 없습니다.
C:\Users\WINDOWS\Desktop\4학년 2학기\컴그실2\Zelda\dx11ter13_src\dx11ter13_src\source\userinterfaceclass.cpp(63,11): message : 문자열 리터럴로부터의 변환은 const 한정자가 손실됩니다(/Zc:strictStrings 참조).
C:\Users\WINDOWS\Desktop\4학년 2학기\컴그실2\Zelda\dx11ter13_src\dx11ter13_src\source\textclass.h(32,7): message : 'TextClass::Initialize' 선언을 참조하십시오.
C:\Users\WINDOWS\Desktop\4학년 2학기\컴그실2\Zelda\dx11ter13_src\dx11ter13_src\source\userinterfaceclass.cpp(113,31): error C2664: 'bool TextClass::Initialize(ID3D11Device *,ID3D11DeviceContext *,int,int,int,bool,FontClass *,char *,int,int,float,float,float)': 인수 8을(를) 'const char [5]'에서 'char *'(으)로 변환할 수 없습니다.
C:\Users\WINDOWS\Desktop\4학년 2학기\컴그실2\Zelda\dx11ter13_src\dx11ter13_src\source\userinterfaceclass.cpp(114,13): message : 문자열 리터럴로부터의 변환은 const 한정자가 손실됩니다(/Zc:strictStrings 참조).
C:\Users\WINDOWS\Desktop\4학년 2학기\컴그실2\Zelda\dx11ter13_src\dx11ter13_src\source\textclass.h(32,7): message : 'TextClass::Initialize' 선언을 참조하십시오.
C:\Users\WINDOWS\Desktop\4학년 2학기\컴그실2\Zelda\dx11ter13_src\dx11ter13_src\source\userinterfaceclass.cpp(120,31): error C2664: 'bool TextClass::Initialize(ID3D11Device *,ID3D11DeviceContext *,int,int,int,bool,FontClass *,char *,int,int,float,float,float)': 인수 8을(를) 'const char [5]'에서 'char *'(으)로 변환할 수 없습니다.
C:\Users\WINDOWS\Desktop\4학년 2학기\컴그실2\Zelda\dx11ter13_src\dx11ter13_src\source\userinterfaceclass.cpp(121,13): message : 문자열 리터럴로부터의 변환은 const 한정자가 손실됩니다(/Zc:strictStrings 참조).
C:\Users\WINDOWS\Desktop\4학년 2학기\컴그실2\Zelda\dx11ter13_src\dx11ter13_src\source\textclass.h(32,7): message : 'TextClass::Initialize' 선언을 참조하십시오.
C:\Users\WINDOWS\Desktop\4학년 2학기\컴그실2\Zelda\dx11ter13_src\dx11ter13_src\source\userinterfaceclass.cpp(127,31): error C2664: 'bool TextClass::Initialize(ID3D11Device *,ID3D11DeviceContext *,int,int,int,bool,FontClass *,char *,int,int,float,float,float)': 인수 8을(를) 'const char [5]'에서 'char *'(으)로 변환할 수 없습니다.
C:\Users\WINDOWS\Desktop\4학년 2학기\컴그실2\Zelda\dx11ter13_src\dx11ter13_src\source\userinterfaceclass.cpp(128,13): message : 문자열 리터럴로부터의 변환은 const 한정자가 손실됩니다(/Zc:strictStrings 참조).
C:\Users\WINDOWS\Desktop\4학년 2학기\컴그실2\Zelda\dx11ter13_src\dx11ter13_src\source\textclass.h(32,7): message : 'TextClass::Initialize' 선언을 참조하십시오.
C:\Users\WINDOWS\Desktop\4학년 2학기\컴그실2\Zelda\dx11ter13_src\dx11ter13_src\source\userinterfaceclass.cpp(134,31): error C2664: 'bool TextClass::Initialize(ID3D11Device *,ID3D11DeviceContext *,int,int,int,bool,FontClass *,char *,int,int,float,float,float)': 인수 8을(를) 'const char [6]'에서 'char *'(으)로 변환할 수 없습니다.
C:\Users\WINDOWS\Desktop\4학년 2학기\컴그실2\Zelda\dx11ter13_src\dx11ter13_src\source\userinterfaceclass.cpp(135,13): message : 문자열 리터럴로부터의 변환은 const 한정자가 손실됩니다(/Zc:strictStrings 참조).
C:\Users\WINDOWS\Desktop\4학년 2학기\컴그실2\Zelda\dx11ter13_src\dx11ter13_src\source\textclass.h(32,7): message : 'TextClass::Initialize' 선언을 참조하십시오.
C:\Users\WINDOWS\Desktop\4학년 2학기\컴그실2\Zelda\dx11ter13_src\dx11ter13_src\source\userinterfaceclass.cpp(141,31): error C2664: 'bool TextClass::Initialize(ID3D11Device *,ID3D11DeviceContext *,int,int,int,bool,FontClass *,char *,int,int,float,float,float)': 인수 8을(를) 'const char [6]'에서 'char *'(으)로 변환할 수 없습니다.
C:\Users\WINDOWS\Desktop\4학년 2학기\컴그실2\Zelda\dx11ter13_src\dx11ter13_src\source\userinterfaceclass.cpp(142,13): message : 문자열 리터럴로부터의 변환은 const 한정자가 손실됩니다(/Zc:strictStrings 참조).
C:\Users\WINDOWS\Desktop\4학년 2학기\컴그실2\Zelda\dx11ter13_src\dx11ter13_src\source\textclass.h(32,7): message : 'TextClass::Initialize' 선언을 참조하십시오.
C:\Users\WINDOWS\Desktop\4학년 2학기\컴그실2\Zelda\dx11ter13_src\dx11ter13_src\source\userinterfaceclass.cpp(148,31): error C2664: 'bool TextClass::Initialize(ID3D11Device *,ID3D11DeviceContext *,int,int,int,bool,FontClass *,char *,int,int,float,float,float)': 인수 8을(를) 'const char [6]'에서 'char *'(으)로 변환할 수 없습니다.
C:\Users\WINDOWS\Desktop\4학년 2학기\컴그실2\Zelda\dx11ter13_src\dx11ter13_src\source\userinterfaceclass.cpp(149,13): message : 문자열 리터럴로부터의 변환은 const 한정자가 손실됩니다(/Zc:strictStrings 참조).
C:\Users\WINDOWS\Desktop\4학년 2학기\컴그실2\Zelda\dx11ter13_src\dx11ter13_src\source\textclass.h(32,7): message : 'TextClass::Initialize' 선언을 참조하십시오.
C:\Users\WINDOWS\Desktop\4학년 2학기\컴그실2\Zelda\dx11ter13_src\dx11ter13_src\source\userinterfaceclass.cpp(169,34): error C2664: 'bool TextClass::Initialize(ID3D11Device *,ID3D11DeviceContext *,int,int,int,bool,FontClass *,char *,int,int,float,float,float)': 인수 8을(를) 'const char [15]'에서 'char *'(으)로 변환할 수 없습니다.
C:\Users\WINDOWS\Desktop\4학년 2학기\컴그실2\Zelda\dx11ter13_src\dx11ter13_src\source\userinterfaceclass.cpp(170,13): message : 문자열 리터럴로부터의 변환은 const 한정자가 손실됩니다(/Zc:strictStrings 참조).
C:\Users\WINDOWS\Desktop\4학년 2학기\컴그실2\Zelda\dx11ter13_src\dx11ter13_src\source\textclass.h(32,7): message : 'TextClass::Initialize' 선언을 참조하십시오.
C:\Users\WINDOWS\Desktop\4학년 2학기\컴그실2\Zelda\dx11ter13_src\dx11ter13_src\source\userinterfaceclass.cpp(176,34): error C2664: 'bool TextClass::Initialize(ID3D11Device *,ID3D11DeviceContext *,int,int,int,bool,FontClass *,char *,int,int,float,float,float)': 인수 8을(를) 'const char [15]'에서 'char *'(으)로 변환할 수 없습니다.
C:\Users\WINDOWS\Desktop\4학년 2학기\컴그실2\Zelda\dx11ter13_src\dx11ter13_src\source\userinterfaceclass.cpp(177,13): message : 문자열 리터럴로부터의 변환은 const 한정자가 손실됩니다(/Zc:strictStrings 참조).
C:\Users\WINDOWS\Desktop\4학년 2학기\컴그실2\Zelda\dx11ter13_src\dx11ter13_src\source\textclass.h(32,7): message : 'TextClass::Initialize' 선언을 참조하십시오.
C:\Users\WINDOWS\Desktop\4학년 2학기\컴그실2\Zelda\dx11ter13_src\dx11ter13_src\source\userinterfaceclass.cpp(183,34): error C2664: 'bool TextClass::Initialize(ID3D11Device *,ID3D11DeviceContext *,int,int,int,bool,FontClass *,char *,int,int,float,float,float)': 인수 8을(를) 'const char [16]'에서 'char *'(으)로 변환할 수 없습니다.
C:\Users\WINDOWS\Desktop\4학년 2학기\컴그실2\Zelda\dx11ter13_src\dx11ter13_src\source\userinterfaceclass.cpp(184,13): message : 문자열 리터럴로부터의 변환은 const 한정자가 손실됩니다(/Zc:strictStrings 참조).
C:\Users\WINDOWS\Desktop\4학년 2학기\컴그실2\Zelda\dx11ter13_src\dx11ter13_src\source\textclass.h(32,7): message : 'TextClass::Initialize' 선언을 참조하십시오.
  zoneclass.cpp
C:\Users\WINDOWS\Desktop\4학년 2학기\컴그실2\Zelda\dx11ter13_src\dx11ter13_src\source\zoneclass.cpp(50,28): warning C4316: 'CameraClass': 힙에 할당된 개체가 16에 맞추어져 있지 않을 수도 있습니다
C:\Users\WINDOWS\Desktop\4학년 2학기\컴그실2\Zelda\dx11ter13_src\dx11ter13_src\source\zoneclass.cpp(116,82): error C2664: 'bool TerrainClass::Initialize(ID3D11Device *,char *)': 인수 2을(를) 'const char [25]'에서 'char *'(으)로 변환할 수 없습니다.
C:\Users\WINDOWS\Desktop\4학년 2학기\컴그실2\Zelda\dx11ter13_src\dx11ter13_src\source\zoneclass.cpp(116,56): message : 문자열 리터럴로부터의 변환은 const 한정자가 손실됩니다(/Zc:strictStrings 참조).
C:\Users\WINDOWS\Desktop\4학년 2학기\컴그실2\Zelda\dx11ter13_src\dx11ter13_src\source\terrainclass.h(62,7): message : 'TerrainClass::Initialize' 선언을 참조하십시오.
  코드를 생성하고 있습니다...
